#-----------------------------------------------------------
# Webtalk v2017.4 (64-bit)
# SW Build 2086221 on Fri Dec 15 20:54:30 MST 2017
# 
# Start of session at: Mon Jun 11 16:57:36 2018
# Process ID: 22724
# Current directory: /home/job/Documents/Real_Time_Systems/Final_Cache_Project/Final_Cache_Project.sdk/webtalk
# Command line: wbtcv -mode batch -source sdk_webtalk.tcl
# Log file: /home/job/Documents/Real_Time_Systems/Final_Cache_Project/Final_Cache_Project.sdk/webtalk/webtalk.log
# Journal file: /home/job/Documents/Real_Time_Systems/Final_Cache_Project/Final_Cache_Project.sdk/webtalk/webtalk.jou
#-----------------------------------------------------------
source sdk_webtalk.tcl
# webtalk_init -webtalk_dir /home/job/Documents/Real_Time_Systems/Final_Cache_Project/Final_Cache_Project.sdk/webtalk
# webtalk_register_client -client project
# webtalk_add_data -client project -key date_generated -value "2018-06-11 16:57:34" -context "software_version_and_target_device"
# webtalk_add_data -client project -key product_version -value "SDK v2017.4" -context "software_version_and_target_device"
# webtalk_add_data -client project -key build_version -value "2017.4" -context "software_version_and_target_device"
# webtalk_add_data -client project -key os_platform -value "amd64" -context "software_version_and_target_device"
# webtalk_add_data -client project -key registration_id -value "210779069_174157381_210671457_143" -context "software_version_and_target_device"
# webtalk_add_data -client project -key tool_flow -value "SDK" -context "software_version_and_target_device"
# webtalk_add_data -client project -key beta -value "false" -context "software_version_and_target_device"
# webtalk_add_data -client project -key route_design -value "NA" -context "software_version_and_target_device"
# webtalk_add_data -client project -key target_family -value "NA" -context "software_version_and_target_device"
# webtalk_add_data -client project -key target_device -value "NA" -context "software_version_and_target_device"
# webtalk_add_data -client project -key target_package -value "NA" -context "software_version_and_target_device"
# webtalk_add_data -client project -key target_speed -value "NA" -context "software_version_and_target_device"
# webtalk_add_data -client project -key random_id -value "t5kbprod9mlg0nodkc5nd4hh74" -context "software_version_and_target_device"
# webtalk_add_data -client project -key project_id -value "2017.4_4" -context "software_version_and_target_device"
# webtalk_add_data -client project -key project_iteration -value "4" -context "software_version_and_target_device"
# webtalk_add_data -client project -key os_name -value "Ubuntu" -context "user_environment"
# webtalk_add_data -client project -key os_release -value "Ubuntu 16.04.4 LTS" -context "user_environment"
# webtalk_add_data -client project -key cpu_name -value "Intel(R) Core(TM) i5-2450M CPU @ 2.50GHz" -context "user_environment"
# webtalk_add_data -client project -key cpu_speed -value "1090.359 MHz" -context "user_environment"
# webtalk_add_data -client project -key total_processors -value "1" -context "user_environment"
# webtalk_add_data -client project -key system_ram -value "8,345 GB" -context "user_environment"
# webtalk_register_client -client sdk
# webtalk_add_data -client sdk -key uid -value "1528728530000" -context "sdk\\\\bsp/1528728530000"
# webtalk_add_data -client sdk -key hwid -value "1528723307000" -context "sdk\\\\bsp/1528728530000"
# webtalk_add_data -client sdk -key os -value "standalone" -context "sdk\\\\bsp/1528728530000"
# webtalk_add_data -client sdk -key apptemplate -value "memory_tests" -context "sdk\\\\bsp/1528728530000"
# webtalk_add_data -client sdk -key RecordType -value "BSPCreation" -context "sdk\\\\bsp/1528728530000"
# webtalk_add_data -client sdk -key uid -value "1528728531000" -context "sdk\\\\application/1528728531000"
# webtalk_add_data -client sdk -key hwid -value "1528723307000" -context "sdk\\\\application/1528728531000"
# webtalk_add_data -client sdk -key bspid -value "1528728530000" -context "sdk\\\\application/1528728531000"
# webtalk_add_data -client sdk -key newbsp -value "true" -context "sdk\\\\application/1528728531000"
# webtalk_add_data -client sdk -key os -value "standalone" -context "sdk\\\\application/1528728531000"
# webtalk_add_data -client sdk -key apptemplate -value "memory_tests" -context "sdk\\\\application/1528728531000"
# webtalk_add_data -client sdk -key RecordType -value "APPCreation" -context "sdk\\\\application/1528728531000"
# webtalk_add_data -client sdk -key LangUsed -value "C" -context "sdk\\\\application/1528728531000"
# webtalk_add_data -client sdk -key Procused -value "ps7_cortexa9" -context "sdk\\\\application/1528728531000"
# webtalk_add_data -client sdk -key projSize -value "234.0" -context "sdk\\\\application/1528728531000"
# webtalk_add_data -client sdk -key uid -value "NA" -context "sdk\\\\bsp/1528729054687"
# webtalk_add_data -client sdk -key RecordType -value "ToolUsage" -context "sdk\\\\bsp/1528729054687"
# webtalk_add_data -client sdk -key BootgenCount -value "0" -context "sdk\\\\bsp/1528729054687"
# webtalk_add_data -client sdk -key DebugCount -value "3" -context "sdk\\\\bsp/1528729054687"
# webtalk_add_data -client sdk -key PerfCount -value "0" -context "sdk\\\\bsp/1528729054687"
# webtalk_add_data -client sdk -key FlashCount -value "0" -context "sdk\\\\bsp/1528729054687"
# webtalk_add_data -client sdk -key CrossTriggCount -value "0" -context "sdk\\\\bsp/1528729054687"
# webtalk_add_data -client sdk -key QemuDebugCount -value "0" -context "sdk\\\\bsp/1528729054687"
# webtalk_transmit -clientid 595502595 -regid "210779069_174157381_210671457_143" -xml /home/job/Documents/Real_Time_Systems/Final_Cache_Project/Final_Cache_Project.sdk/webtalk/usage_statistics_ext_sdk.xml -html /home/job/Documents/Real_Time_Systems/Final_Cache_Project/Final_Cache_Project.sdk/webtalk/usage_statistics_ext_sdk.html -wdm /home/job/Documents/Real_Time_Systems/Final_Cache_Project/Final_Cache_Project.sdk/webtalk/sdk_webtalk.wdm -intro "<H3>SDK Usage Report</H3><BR>"
INFO: [Common 17-186] '/home/job/Documents/Real_Time_Systems/Final_Cache_Project/Final_Cache_Project.sdk/webtalk/usage_statistics_ext_sdk.xml' has been successfully sent to Xilinx on Mon Jun 11 16:57:38 2018. For additional details about this file, please refer to the WebTalk help file at /opt/Xilinx/SDK/2017.4/doc/webtalk_introduction.html.
# webtalk_terminate
INFO: [Common 17-206] Exiting Webtalk at Mon Jun 11 16:57:38 2018...
